# JRE version: OpenJDK Runtime Environment (21.0.10) (build 21.0.10+-14961533-b1163.108)
# Java VM: OpenJDK 64-Bit Server VM (21.0.10+-14961533-b1163.108, mixed mode, tiered, compressed oops, compressed class ptrs, g1 gc, windows-amd64)
GC Precious Log:
 CardTable entry size: 512
 Card Set container configuration: InlinePtr #cards 5 size 8 Array Of Cards #cards 12 size 40 Howl #buckets 4 coarsen threshold 1843 Howl Bitmap #cards 512 size 80 coarsen threshold 460 Card regions per heap region 1 cards per card region 2048
 CPUs: 4 total, 4 available
 Memory: 6078M
 Large Page Support: Disabled
 NUMA Support: Disabled
 Compressed Oops: Enabled (32-bit)
 Heap Region Size: 1M
 Heap Min Capacity: 8M
 Heap Initial Capacity: 96M
 Heap Max Capacity: 2G
 Pre-touch: Disabled
 Parallel Workers: 4
 Concurrent Workers: 1
 Concurrent Refinement Workers: 4
 Periodic GC: Disabled
Heap:
 garbage-first heap   total 493568K, used 276669K [0x0000000080000000, 0x0000000100000000)
  region size 1024K, 11 young (11264K), 11 survivors (11264K)
 Metaspace       used 142120K, committed 144512K, reserved 1179648K
  class space    used 19816K, committed 20992K, reserved 1048576K
GC Heap History (20 events):
Event: 501.705 GC heap after
{Heap after GC invocations=102 (full 0):
 garbage-first heap   total 493568K, used 286620K [0x0000000080000000, 0x0000000100000000)
  region size 1024K, 11 young (11264K), 11 survivors (11264K)
 Metaspace       used 142020K, committed 144448K, reserved 1179648K
  class space    used 19807K, committed 20992K, reserved 1048576K
}
Event: 504.561 GC heap before
{Heap before GC invocations=102 (full 0):
 garbage-first heap   total 493568K, used 466844K [0x0000000080000000, 0x0000000100000000)
  region size 1024K, 188 young (192512K), 11 survivors (11264K)
 Metaspace       used 142054K, committed 144448K, reserved 1179648K
  class space    used 19810K, committed 20992K, reserved 1048576K
}
Event: 504.604 GC heap after
{Heap after GC invocations=103 (full 0):
 garbage-first heap   total 493568K, used 283747K [0x0000000080000000, 0x0000000100000000)
  region size 1024K, 12 young (12288K), 12 survivors (12288K)
 Metaspace       used 142054K, committed 144448K, reserved 1179648K
  class space    used 19810K, committed 20992K, reserved 1048576K
}
Event: 506.758 GC heap before
{Heap before GC invocations=103 (full 0):
 garbage-first heap   total 493568K, used 467043K [0x0000000080000000, 0x0000000100000000)
  region size 1024K, 191 young (195584K), 12 survivors (12288K)
 Metaspace       used 142084K, committed 144448K, reserved 1179648K
  class space    used 19812K, committed 20992K, reserved 1048576K
}
Event: 506.801 GC heap after
{Heap after GC invocations=104 (full 0):
 garbage-first heap   total 493568K, used 284499K [0x0000000080000000, 0x0000000100000000)
  region size 1024K, 11 young (11264K), 11 survivors (11264K)
 Metaspace       used 142084K, committed 144448K, reserved 1179648K
  class space    used 19812K, committed 20992K, reserved 1048576K
}
Event: 509.420 GC heap before
{Heap before GC invocations=105 (full 0):
 garbage-first heap   total 493568K, used 467795K [0x0000000080000000, 0x0000000100000000)
  region size 1024K, 190 young (194560K), 11 survivors (11264K)
 Metaspace       used 142089K, committed 144448K, reserved 1179648K
  class space    used 19813K, committed 20992K, reserved 1048576K
}
Event: 509.445 GC heap after
{Heap after GC invocations=106 (full 0):
 garbage-first heap   total 493568K, used 283675K [0x0000000080000000, 0x0000000100000000)
  region size 1024K, 10 young (10240K), 10 survivors (10240K)
 Metaspace       used 142089K, committed 144448K, reserved 1179648K
  class space    used 19813K, committed 20992K, reserved 1048576K
}
Event: 510.597 GC heap before
{Heap before GC invocations=106 (full 0):
 garbage-first heap   total 493568K, used 466971K [0x0000000080000000, 0x0000000100000000)
  region size 1024K, 189 young (193536K), 10 survivors (10240K)
 Metaspace       used 142093K, committed 144448K, reserved 1179648K
  class space    used 19814K, committed 20992K, reserved 1048576K
}
Event: 510.628 GC heap after
{Heap after GC invocations=107 (full 0):
 garbage-first heap   total 493568K, used 280012K [0x0000000080000000, 0x0000000100000000)
  region size 1024K, 10 young (10240K), 10 survivors (10240K)
 Metaspace       used 142093K, committed 144448K, reserved 1179648K
  class space    used 19814K, committed 20992K, reserved 1048576K
}
Event: 511.306 GC heap before
{Heap before GC invocations=107 (full 0):
 garbage-first heap   total 493568K, used 467404K [0x0000000080000000, 0x0000000100000000)
  region size 1024K, 193 young (197632K), 10 survivors (10240K)
 Metaspace       used 142094K, committed 144448K, reserved 1179648K
  class space    used 19814K, committed 20992K, reserved 1048576K
}
Event: 511.337 GC heap after
{Heap after GC invocations=108 (full 0):
 garbage-first heap   total 493568K, used 280797K [0x0000000080000000, 0x0000000100000000)
  region size 1024K, 10 young (10240K), 10 survivors (10240K)
 Metaspace       used 142094K, committed 144448K, reserved 1179648K
  class space    used 19814K, committed 20992K, reserved 1048576K
}
Event: 513.554 GC heap before
{Heap before GC invocations=109 (full 0):
 garbage-first heap   total 493568K, used 467165K [0x0000000080000000, 0x0000000100000000)
  region size 1024K, 192 young (196608K), 10 survivors (10240K)
 Metaspace       used 142105K, committed 144448K, reserved 1179648K
  class space    used 19815K, committed 20992K, reserved 1048576K
}
Event: 513.583 GC heap after
{Heap after GC invocations=110 (full 0):
 garbage-first heap   total 493568K, used 282606K [0x0000000080000000, 0x0000000100000000)
  region size 1024K, 11 young (11264K), 11 survivors (11264K)
 Metaspace       used 142105K, committed 144448K, reserved 1179648K
  class space    used 19815K, committed 20992K, reserved 1048576K
}
Event: 514.236 GC heap before
{Heap before GC invocations=110 (full 0):
 garbage-first heap   total 493568K, used 466926K [0x0000000080000000, 0x0000000100000000)
  region size 1024K, 191 young (195584K), 11 survivors (11264K)
 Metaspace       used 142113K, committed 144512K, reserved 1179648K
  class space    used 19816K, committed 20992K, reserved 1048576K
}
Event: 514.274 GC heap after
{Heap after GC invocations=111 (full 0):
 garbage-first heap   total 493568K, used 279240K [0x0000000080000000, 0x0000000100000000)
  region size 1024K, 11 young (11264K), 11 survivors (11264K)
 Metaspace       used 142113K, committed 144512K, reserved 1179648K
  class space    used 19816K, committed 20992K, reserved 1048576K
}
Event: 514.887 GC heap before
{Heap before GC invocations=111 (full 0):
 garbage-first heap   total 493568K, used 467656K [0x0000000080000000, 0x0000000100000000)
  region size 1024K, 195 young (199680K), 11 survivors (11264K)
 Metaspace       used 142115K, committed 144512K, reserved 1179648K
  class space    used 19816K, committed 20992K, reserved 1048576K
}
Event: 514.920 GC heap after
{Heap after GC invocations=112 (full 0):
 garbage-first heap   total 493568K, used 281163K [0x0000000080000000, 0x0000000100000000)
  region size 1024K, 12 young (12288K), 12 survivors (12288K)
 Metaspace       used 142115K, committed 144512K, reserved 1179648K
  class space    used 19816K, committed 20992K, reserved 1048576K
}
Event: 516.589 GC heap before
{Heap before GC invocations=113 (full 0):
 garbage-first heap   total 493568K, used 467531K [0x0000000080000000, 0x0000000100000000)
  region size 1024K, 194 young (198656K), 12 survivors (12288K)
 Metaspace       used 142119K, committed 144512K, reserved 1179648K
  class space    used 19816K, committed 20992K, reserved 1048576K
}
Event: 516.618 GC heap after
{Heap after GC invocations=114 (full 0):
 garbage-first heap   total 493568K, used 280268K [0x0000000080000000, 0x0000000100000000)
  region size 1024K, 11 young (11264K), 11 survivors (11264K)
 Metaspace       used 142119K, committed 144512K, reserved 1179648K
  class space    used 19816K, committed 20992K, reserved 1048576K
}
Event: 517.208 GC heap before
{Heap before GC invocations=114 (full 0):
 garbage-first heap   total 493568K, used 466636K [0x0000000080000000, 0x0000000100000000)
  region size 1024K, 193 young (197632K), 11 survivors (11264K)
 Metaspace       used 142120K, committed 144512K, reserved 1179648K
  class space    used 19816K, committed 20992K, reserved 1048576K
}

