# JRE version: OpenJDK Runtime Environment (21.0.10) (build 21.0.10+-14961533-b1163.108)
# Java VM: OpenJDK 64-Bit Server VM (21.0.10+-14961533-b1163.108, mixed mode, tiered, compressed oops, compressed class ptrs, g1 gc, windows-amd64)
GC Precious Log:
 CardTable entry size: 512
 Card Set container configuration: InlinePtr #cards 5 size 8 Array Of Cards #cards 12 size 40 Howl #buckets 4 coarsen threshold 1843 Howl Bitmap #cards 512 size 80 coarsen threshold 460 Card regions per heap region 1 cards per card region 2048
 CPUs: 4 total, 4 available
 Memory: 6078M
 Large Page Support: Disabled
 NUMA Support: Disabled
 Compressed Oops: Enabled (32-bit)
 Heap Region Size: 1M
 Heap Min Capacity: 8M
 Heap Initial Capacity: 96M
 Heap Max Capacity: 2G
 Pre-touch: Disabled
 Parallel Workers: 4
 Concurrent Workers: 1
 Concurrent Refinement Workers: 4
 Periodic GC: Disabled
Heap:
 garbage-first heap   total 521216K, used 398065K [0x0000000080000000, 0x0000000100000000)
  region size 1024K, 66 young (67584K), 15 survivors (15360K)
 Metaspace       used 238740K, committed 241536K, reserved 1310720K
  class space    used 31171K, committed 32512K, reserved 1048576K
GC Heap History (20 events):
Event: 590.616 GC heap before
{Heap before GC invocations=92 (full 0):
 garbage-first heap   total 521216K, used 486400K [0x0000000080000000, 0x0000000100000000)
  region size 1024K, 165 young (168960K), 12 survivors (12288K)
 Metaspace       used 238543K, committed 241280K, reserved 1310720K
  class space    used 31138K, committed 32448K, reserved 1048576K
}
Event: 590.658 GC heap after
{Heap after GC invocations=93 (full 0):
 garbage-first heap   total 521216K, used 332288K [0x0000000080000000, 0x0000000100000000)
  region size 1024K, 3 young (3072K), 3 survivors (3072K)
 Metaspace       used 238543K, committed 241280K, reserved 1310720K
  class space    used 31138K, committed 32448K, reserved 1048576K
}
Event: 591.659 GC heap before
{Heap before GC invocations=93 (full 0):
 garbage-first heap   total 521216K, used 492032K [0x0000000080000000, 0x0000000100000000)
  region size 1024K, 159 young (162816K), 3 survivors (3072K)
 Metaspace       used 238555K, committed 241344K, reserved 1310720K
  class space    used 31138K, committed 32448K, reserved 1048576K
}
Event: 591.690 GC heap after
{Heap after GC invocations=94 (full 0):
 garbage-first heap   total 521216K, used 330704K [0x0000000080000000, 0x0000000100000000)
  region size 1024K, 2 young (2048K), 2 survivors (2048K)
 Metaspace       used 238555K, committed 241344K, reserved 1310720K
  class space    used 31138K, committed 32448K, reserved 1048576K
}
Event: 592.408 GC heap before
{Heap before GC invocations=94 (full 0):
 garbage-first heap   total 521216K, used 492496K [0x0000000080000000, 0x0000000100000000)
  region size 1024K, 161 young (164864K), 2 survivors (2048K)
 Metaspace       used 238566K, committed 241344K, reserved 1310720K
  class space    used 31138K, committed 32448K, reserved 1048576K
}
Event: 592.556 GC heap after
{Heap after GC invocations=95 (full 0):
 garbage-first heap   total 521216K, used 331264K [0x0000000080000000, 0x0000000100000000)
  region size 1024K, 2 young (2048K), 2 survivors (2048K)
 Metaspace       used 238566K, committed 241344K, reserved 1310720K
  class space    used 31138K, committed 32448K, reserved 1048576K
}
Event: 593.495 GC heap before
{Heap before GC invocations=95 (full 0):
 garbage-first heap   total 521216K, used 493056K [0x0000000080000000, 0x0000000100000000)
  region size 1024K, 161 young (164864K), 2 survivors (2048K)
 Metaspace       used 238590K, committed 241344K, reserved 1310720K
  class space    used 31144K, committed 32448K, reserved 1048576K
}
Event: 593.567 GC heap after
{Heap after GC invocations=96 (full 0):
 garbage-first heap   total 521216K, used 332141K [0x0000000080000000, 0x0000000100000000)
  region size 1024K, 3 young (3072K), 3 survivors (3072K)
 Metaspace       used 238590K, committed 241344K, reserved 1310720K
  class space    used 31144K, committed 32448K, reserved 1048576K
}
Event: 594.612 GC heap before
{Heap before GC invocations=96 (full 0):
 garbage-first heap   total 521216K, used 493933K [0x0000000080000000, 0x0000000100000000)
  region size 1024K, 161 young (164864K), 3 survivors (3072K)
 Metaspace       used 238598K, committed 241408K, reserved 1310720K
  class space    used 31145K, committed 32512K, reserved 1048576K
}
Event: 594.744 GC heap after
{Heap after GC invocations=97 (full 0):
 garbage-first heap   total 521216K, used 332288K [0x0000000080000000, 0x0000000100000000)
  region size 1024K, 3 young (3072K), 3 survivors (3072K)
 Metaspace       used 238598K, committed 241408K, reserved 1310720K
  class space    used 31145K, committed 32512K, reserved 1048576K
}
Event: 596.229 GC heap before
{Heap before GC invocations=97 (full 0):
 garbage-first heap   total 521216K, used 493056K [0x0000000080000000, 0x0000000100000000)
  region size 1024K, 161 young (164864K), 3 survivors (3072K)
 Metaspace       used 238622K, committed 241408K, reserved 1310720K
  class space    used 31149K, committed 32512K, reserved 1048576K
}
Event: 596.247 GC heap after
{Heap after GC invocations=98 (full 0):
 garbage-first heap   total 521216K, used 334116K [0x0000000080000000, 0x0000000100000000)
  region size 1024K, 5 young (5120K), 5 survivors (5120K)
 Metaspace       used 238622K, committed 241408K, reserved 1310720K
  class space    used 31149K, committed 32512K, reserved 1048576K
}
Event: 597.236 GC heap before
{Heap before GC invocations=98 (full 0):
 garbage-first heap   total 521216K, used 492836K [0x0000000080000000, 0x0000000100000000)
  region size 1024K, 161 young (164864K), 5 survivors (5120K)
 Metaspace       used 238663K, committed 241472K, reserved 1310720K
  class space    used 31158K, committed 32512K, reserved 1048576K
}
Event: 597.256 GC heap after
{Heap after GC invocations=99 (full 0):
 garbage-first heap   total 521216K, used 335360K [0x0000000080000000, 0x0000000100000000)
  region size 1024K, 6 young (6144K), 6 survivors (6144K)
 Metaspace       used 238663K, committed 241472K, reserved 1310720K
  class space    used 31158K, committed 32512K, reserved 1048576K
}
Event: 597.987 GC heap before
{Heap before GC invocations=99 (full 0):
 garbage-first heap   total 521216K, used 493056K [0x0000000080000000, 0x0000000100000000)
  region size 1024K, 161 young (164864K), 6 survivors (6144K)
 Metaspace       used 238675K, committed 241472K, reserved 1310720K
  class space    used 31158K, committed 32512K, reserved 1048576K
}
Event: 597.997 GC heap after
{Heap after GC invocations=100 (full 0):
 garbage-first heap   total 521216K, used 335602K [0x0000000080000000, 0x0000000100000000)
  region size 1024K, 7 young (7168K), 7 survivors (7168K)
 Metaspace       used 238675K, committed 241472K, reserved 1310720K
  class space    used 31158K, committed 32512K, reserved 1048576K
}
Event: 598.647 GC heap before
{Heap before GC invocations=100 (full 0):
 garbage-first heap   total 521216K, used 492274K [0x0000000080000000, 0x0000000100000000)
  region size 1024K, 161 young (164864K), 7 survivors (7168K)
 Metaspace       used 238678K, committed 241472K, reserved 1310720K
  class space    used 31158K, committed 32512K, reserved 1048576K
}
Event: 598.667 GC heap after
{Heap after GC invocations=101 (full 0):
 garbage-first heap   total 521216K, used 343024K [0x0000000080000000, 0x0000000100000000)
  region size 1024K, 14 young (14336K), 14 survivors (14336K)
 Metaspace       used 238678K, committed 241472K, reserved 1310720K
  class space    used 31158K, committed 32512K, reserved 1048576K
}
Event: 599.611 GC heap before
{Heap before GC invocations=101 (full 0):
 garbage-first heap   total 521216K, used 492528K [0x0000000080000000, 0x0000000100000000)
  region size 1024K, 161 young (164864K), 14 survivors (14336K)
 Metaspace       used 238708K, committed 241472K, reserved 1310720K
  class space    used 31163K, committed 32512K, reserved 1048576K
}
Event: 599.629 GC heap after
{Heap after GC invocations=102 (full 0):
 garbage-first heap   total 521216K, used 346865K [0x0000000080000000, 0x0000000100000000)
  region size 1024K, 15 young (15360K), 15 survivors (15360K)
 Metaspace       used 238708K, committed 241472K, reserved 1310720K
  class space    used 31163K, committed 32512K, reserved 1048576K
}

