# JRE version: OpenJDK Runtime Environment (21.0.10) (build 21.0.10+-14961533-b1163.108)
# Java VM: OpenJDK 64-Bit Server VM (21.0.10+-14961533-b1163.108, mixed mode, tiered, compressed oops, compressed class ptrs, g1 gc, windows-amd64)
GC Precious Log:
 CardTable entry size: 512
 Card Set container configuration: InlinePtr #cards 5 size 8 Array Of Cards #cards 12 size 40 Howl #buckets 4 coarsen threshold 1843 Howl Bitmap #cards 512 size 80 coarsen threshold 460 Card regions per heap region 1 cards per card region 2048
 CPUs: 4 total, 4 available
 Memory: 6078M
 Large Page Support: Disabled
 NUMA Support: Disabled
 Compressed Oops: Enabled (32-bit)
 Heap Region Size: 1M
 Heap Min Capacity: 8M
 Heap Initial Capacity: 96M
 Heap Max Capacity: 2G
 Pre-touch: Disabled
 Parallel Workers: 4
 Concurrent Workers: 1
 Concurrent Refinement Workers: 4
 Periodic GC: Disabled
Heap:
 garbage-first heap   total 488448K, used 231116K [0x0000000080000000, 0x0000000100000000)
  region size 1024K, 3 young (3072K), 3 survivors (3072K)
 Metaspace       used 252474K, committed 254656K, reserved 1310720K
  class space    used 31992K, committed 33024K, reserved 1048576K
GC Heap History (20 events):
Event: 3940.752 GC heap after
{Heap after GC invocations=248 (full 0):
 garbage-first heap   total 488448K, used 235038K [0x0000000080000000, 0x0000000100000000)
  region size 1024K, 7 young (7168K), 7 survivors (7168K)
 Metaspace       used 251036K, committed 253184K, reserved 1310720K
  class space    used 31879K, committed 32896K, reserved 1048576K
}
Event: 3944.606 GC heap before
{Heap before GC invocations=248 (full 0):
 garbage-first heap   total 488448K, used 461342K [0x0000000080000000, 0x0000000100000000)
  region size 1024K, 229 young (234496K), 7 survivors (7168K)
 Metaspace       used 252269K, committed 254464K, reserved 1310720K
  class space    used 31978K, committed 33024K, reserved 1048576K
}
Event: 3944.653 GC heap after
{Heap after GC invocations=249 (full 0):
 garbage-first heap   total 488448K, used 235345K [0x0000000080000000, 0x0000000100000000)
  region size 1024K, 7 young (7168K), 7 survivors (7168K)
 Metaspace       used 252269K, committed 254464K, reserved 1310720K
  class space    used 31978K, committed 33024K, reserved 1048576K
}
Event: 3947.449 GC heap before
{Heap before GC invocations=249 (full 0):
 garbage-first heap   total 488448K, used 461649K [0x0000000080000000, 0x0000000100000000)
  region size 1024K, 229 young (234496K), 7 survivors (7168K)
 Metaspace       used 252427K, committed 254592K, reserved 1310720K
  class space    used 31989K, committed 33024K, reserved 1048576K
}
Event: 3947.463 GC heap after
{Heap after GC invocations=250 (full 0):
 garbage-first heap   total 488448K, used 233092K [0x0000000080000000, 0x0000000100000000)
  region size 1024K, 4 young (4096K), 4 survivors (4096K)
 Metaspace       used 252427K, committed 254592K, reserved 1310720K
  class space    used 31989K, committed 33024K, reserved 1048576K
}
Event: 3949.834 GC heap before
{Heap before GC invocations=251 (full 0):
 garbage-first heap   total 488448K, used 463492K [0x0000000080000000, 0x0000000100000000)
  region size 1024K, 227 young (232448K), 4 survivors (4096K)
 Metaspace       used 252445K, committed 254592K, reserved 1310720K
  class space    used 31990K, committed 33024K, reserved 1048576K
}
Event: 3949.856 GC heap after
{Heap after GC invocations=252 (full 0):
 garbage-first heap   total 488448K, used 237243K [0x0000000080000000, 0x0000000100000000)
  region size 1024K, 5 young (5120K), 5 survivors (5120K)
 Metaspace       used 252445K, committed 254592K, reserved 1310720K
  class space    used 31990K, committed 33024K, reserved 1048576K
}
Event: 3950.858 GC heap before
{Heap before GC invocations=252 (full 0):
 garbage-first heap   total 488448K, used 464571K [0x0000000080000000, 0x0000000100000000)
  region size 1024K, 225 young (230400K), 5 survivors (5120K)
 Metaspace       used 252457K, committed 254656K, reserved 1310720K
  class space    used 31990K, committed 33024K, reserved 1048576K
}
Event: 3950.900 GC heap after
{Heap after GC invocations=253 (full 0):
 garbage-first heap   total 488448K, used 240382K [0x0000000080000000, 0x0000000100000000)
  region size 1024K, 9 young (9216K), 9 survivors (9216K)
 Metaspace       used 252457K, committed 254656K, reserved 1310720K
  class space    used 31990K, committed 33024K, reserved 1048576K
}
Event: 3951.414 GC heap before
{Heap before GC invocations=253 (full 0):
 garbage-first heap   total 488448K, used 461566K [0x0000000080000000, 0x0000000100000000)
  region size 1024K, 225 young (230400K), 9 survivors (9216K)
 Metaspace       used 252458K, committed 254656K, reserved 1310720K
  class space    used 31990K, committed 33024K, reserved 1048576K
}
Event: 3951.434 GC heap after
{Heap after GC invocations=254 (full 0):
 garbage-first heap   total 488448K, used 241893K [0x0000000080000000, 0x0000000100000000)
  region size 1024K, 10 young (10240K), 10 survivors (10240K)
 Metaspace       used 252458K, committed 254656K, reserved 1310720K
  class space    used 31990K, committed 33024K, reserved 1048576K
}
Event: 3953.209 GC heap before
{Heap before GC invocations=255 (full 0):
 garbage-first heap   total 488448K, used 462053K [0x0000000080000000, 0x0000000100000000)
  region size 1024K, 225 young (230400K), 10 survivors (10240K)
 Metaspace       used 252462K, committed 254656K, reserved 1310720K
  class space    used 31990K, committed 33024K, reserved 1048576K
}
Event: 3953.241 GC heap after
{Heap after GC invocations=256 (full 0):
 garbage-first heap   total 488448K, used 243855K [0x0000000080000000, 0x0000000100000000)
  region size 1024K, 11 young (11264K), 11 survivors (11264K)
 Metaspace       used 252462K, committed 254656K, reserved 1310720K
  class space    used 31990K, committed 33024K, reserved 1048576K
}
Event: 3953.867 GC heap before
{Heap before GC invocations=256 (full 0):
 garbage-first heap   total 488448K, used 461967K [0x0000000080000000, 0x0000000100000000)
  region size 1024K, 224 young (229376K), 11 survivors (11264K)
 Metaspace       used 252463K, committed 254656K, reserved 1310720K
  class space    used 31990K, committed 33024K, reserved 1048576K
}
Event: 3953.908 GC heap after
{Heap after GC invocations=257 (full 0):
 garbage-first heap   total 488448K, used 242154K [0x0000000080000000, 0x0000000100000000)
  region size 1024K, 11 young (11264K), 11 survivors (11264K)
 Metaspace       used 252463K, committed 254656K, reserved 1310720K
  class space    used 31990K, committed 33024K, reserved 1048576K
}
Event: 3954.568 GC heap before
{Heap before GC invocations=257 (full 0):
 garbage-first heap   total 488448K, used 462314K [0x0000000080000000, 0x0000000100000000)
  region size 1024K, 226 young (231424K), 11 survivors (11264K)
 Metaspace       used 252463K, committed 254656K, reserved 1310720K
  class space    used 31990K, committed 33024K, reserved 1048576K
}
Event: 3954.591 GC heap after
{Heap after GC invocations=258 (full 0):
 garbage-first heap   total 488448K, used 243608K [0x0000000080000000, 0x0000000100000000)
  region size 1024K, 12 young (12288K), 12 survivors (12288K)
 Metaspace       used 252463K, committed 254656K, reserved 1310720K
  class space    used 31990K, committed 33024K, reserved 1048576K
}
Event: 3955.734 GC heap before
{Heap before GC invocations=259 (full 0):
 garbage-first heap   total 488448K, used 461720K [0x0000000080000000, 0x0000000100000000)
  region size 1024K, 226 young (231424K), 12 survivors (12288K)
 Metaspace       used 252465K, committed 254656K, reserved 1310720K
  class space    used 31990K, committed 33024K, reserved 1048576K
}
Event: 3955.750 GC heap after
{Heap after GC invocations=260 (full 0):
 garbage-first heap   total 488448K, used 232919K [0x0000000080000000, 0x0000000100000000)
  region size 1024K, 3 young (3072K), 3 survivors (3072K)
 Metaspace       used 252465K, committed 254656K, reserved 1310720K
  class space    used 31990K, committed 33024K, reserved 1048576K
}
Event: 3957.629 GC heap before
{Heap before GC invocations=260 (full 0):
 garbage-first heap   total 488448K, used 461271K [0x0000000080000000, 0x0000000100000000)
  region size 1024K, 227 young (232448K), 3 survivors (3072K)
 Metaspace       used 252474K, committed 254656K, reserved 1310720K
  class space    used 31992K, committed 33024K, reserved 1048576K
}

