# JRE version: OpenJDK Runtime Environment (21.0.10) (build 21.0.10+-14961533-b1163.108)
# Java VM: OpenJDK 64-Bit Server VM (21.0.10+-14961533-b1163.108, mixed mode, tiered, compressed oops, compressed class ptrs, g1 gc, windows-amd64)
GC Precious Log:
 CardTable entry size: 512
 Card Set container configuration: InlinePtr #cards 5 size 8 Array Of Cards #cards 12 size 40 Howl #buckets 4 coarsen threshold 1843 Howl Bitmap #cards 512 size 80 coarsen threshold 460 Card regions per heap region 1 cards per card region 2048
 CPUs: 4 total, 4 available
 Memory: 6078M
 Large Page Support: Disabled
 NUMA Support: Disabled
 Compressed Oops: Enabled (32-bit)
 Heap Region Size: 1M
 Heap Min Capacity: 8M
 Heap Initial Capacity: 96M
 Heap Max Capacity: 2G
 Pre-touch: Disabled
 Parallel Workers: 4
 Concurrent Workers: 1
 Concurrent Refinement Workers: 4
 Periodic GC: Disabled
Heap:
 garbage-first heap   total 422912K, used 266502K [0x0000000080000000, 0x0000000100000000)
  region size 1024K, 7 young (7168K), 7 survivors (7168K)
 Metaspace       used 150859K, committed 153280K, reserved 1245184K
  class space    used 20973K, committed 22144K, reserved 1048576K
GC Heap History (20 events):
Event: 350.136 GC heap after
{Heap after GC invocations=92 (full 0):
 garbage-first heap   total 401408K, used 239313K [0x0000000080000000, 0x0000000100000000)
  region size 1024K, 3 young (3072K), 3 survivors (3072K)
 Metaspace       used 150574K, committed 152960K, reserved 1179648K
  class space    used 20933K, committed 22080K, reserved 1048576K
}
Event: 357.105 GC heap before
{Heap before GC invocations=92 (full 0):
 garbage-first heap   total 401408K, used 378577K [0x0000000080000000, 0x0000000100000000)
  region size 1024K, 139 young (142336K), 3 survivors (3072K)
 Metaspace       used 150595K, committed 152960K, reserved 1179648K
  class space    used 20934K, committed 22080K, reserved 1048576K
}
Event: 357.119 GC heap after
{Heap after GC invocations=93 (full 0):
 garbage-first heap   total 401408K, used 240889K [0x0000000080000000, 0x0000000100000000)
  region size 1024K, 4 young (4096K), 4 survivors (4096K)
 Metaspace       used 150595K, committed 152960K, reserved 1179648K
  class space    used 20934K, committed 22080K, reserved 1048576K
}
Event: 360.979 GC heap before
{Heap before GC invocations=94 (full 0):
 garbage-first heap   total 403456K, used 379129K [0x0000000080000000, 0x0000000100000000)
  region size 1024K, 139 young (142336K), 4 survivors (4096K)
 Metaspace       used 150599K, committed 152960K, reserved 1179648K
  class space    used 20934K, committed 22080K, reserved 1048576K
}
Event: 360.996 GC heap after
{Heap after GC invocations=95 (full 0):
 garbage-first heap   total 403456K, used 239281K [0x0000000080000000, 0x0000000100000000)
  region size 1024K, 3 young (3072K), 3 survivors (3072K)
 Metaspace       used 150599K, committed 152960K, reserved 1179648K
  class space    used 20934K, committed 22080K, reserved 1048576K
}
Event: 363.168 GC heap before
{Heap before GC invocations=95 (full 0):
 garbage-first heap   total 403456K, used 381617K [0x0000000080000000, 0x0000000100000000)
  region size 1024K, 142 young (145408K), 3 survivors (3072K)
 Metaspace       used 150604K, committed 153024K, reserved 1179648K
  class space    used 20935K, committed 22080K, reserved 1048576K
}
Event: 363.192 GC heap after
{Heap after GC invocations=96 (full 0):
 garbage-first heap   total 403456K, used 235845K [0x0000000080000000, 0x0000000100000000)
  region size 1024K, 4 young (4096K), 4 survivors (4096K)
 Metaspace       used 150604K, committed 153024K, reserved 1179648K
  class space    used 20935K, committed 22080K, reserved 1048576K
}
Event: 365.126 GC heap before
{Heap before GC invocations=96 (full 0):
 garbage-first heap   total 403456K, used 381253K [0x0000000080000000, 0x0000000100000000)
  region size 1024K, 146 young (149504K), 4 survivors (4096K)
 Metaspace       used 150630K, committed 153024K, reserved 1179648K
  class space    used 20938K, committed 22080K, reserved 1048576K
}
Event: 365.146 GC heap after
{Heap after GC invocations=97 (full 0):
 garbage-first heap   total 403456K, used 236530K [0x0000000080000000, 0x0000000100000000)
  region size 1024K, 5 young (5120K), 5 survivors (5120K)
 Metaspace       used 150630K, committed 153024K, reserved 1179648K
  class space    used 20938K, committed 22080K, reserved 1048576K
}
Event: 366.961 GC heap before
{Heap before GC invocations=98 (full 0):
 garbage-first heap   total 403456K, used 380914K [0x0000000080000000, 0x0000000100000000)
  region size 1024K, 146 young (149504K), 5 survivors (5120K)
 Metaspace       used 150687K, committed 153024K, reserved 1179648K
  class space    used 20947K, committed 22080K, reserved 1048576K
}
Event: 366.975 GC heap after
{Heap after GC invocations=99 (full 0):
 garbage-first heap   total 403456K, used 236055K [0x0000000080000000, 0x0000000100000000)
  region size 1024K, 5 young (5120K), 5 survivors (5120K)
 Metaspace       used 150687K, committed 153024K, reserved 1179648K
  class space    used 20947K, committed 22080K, reserved 1048576K
}
Event: 367.586 GC heap before
{Heap before GC invocations=99 (full 0):
 garbage-first heap   total 403456K, used 380439K [0x0000000080000000, 0x0000000100000000)
  region size 1024K, 146 young (149504K), 5 survivors (5120K)
 Metaspace       used 150694K, committed 153088K, reserved 1179648K
  class space    used 20947K, committed 22080K, reserved 1048576K
}
Event: 367.617 GC heap after
{Heap after GC invocations=100 (full 0):
 garbage-first heap   total 403456K, used 233609K [0x0000000080000000, 0x0000000100000000)
  region size 1024K, 5 young (5120K), 5 survivors (5120K)
 Metaspace       used 150694K, committed 153088K, reserved 1179648K
  class space    used 20947K, committed 22080K, reserved 1048576K
}
Event: 369.362 GC heap before
{Heap before GC invocations=100 (full 0):
 garbage-first heap   total 403456K, used 380041K [0x0000000080000000, 0x0000000100000000)
  region size 1024K, 149 young (152576K), 5 survivors (5120K)
 Metaspace       used 150800K, committed 153216K, reserved 1179648K
  class space    used 20969K, committed 22144K, reserved 1048576K
}
Event: 369.464 GC heap after
{Heap after GC invocations=101 (full 0):
 garbage-first heap   total 403456K, used 241289K [0x0000000080000000, 0x0000000100000000)
  region size 1024K, 13 young (13312K), 13 survivors (13312K)
 Metaspace       used 150800K, committed 153216K, reserved 1179648K
  class space    used 20969K, committed 22144K, reserved 1048576K
}
Event: 373.097 GC heap before
{Heap before GC invocations=102 (full 0):
 garbage-first heap   total 404480K, used 380553K [0x0000000080000000, 0x0000000100000000)
  region size 1024K, 149 young (152576K), 13 survivors (13312K)
 Metaspace       used 150828K, committed 153216K, reserved 1179648K
  class space    used 20972K, committed 22144K, reserved 1048576K
}
Event: 373.156 GC heap after
{Heap after GC invocations=103 (full 0):
 garbage-first heap   total 404480K, used 251703K [0x0000000080000000, 0x0000000100000000)
  region size 1024K, 19 young (19456K), 19 survivors (19456K)
 Metaspace       used 150828K, committed 153216K, reserved 1179648K
  class space    used 20972K, committed 22144K, reserved 1048576K
}
Event: 374.102 GC heap before
{Heap before GC invocations=103 (full 0):
 garbage-first heap   total 404480K, used 383799K [0x0000000080000000, 0x0000000100000000)
  region size 1024K, 147 young (150528K), 19 survivors (19456K)
 Metaspace       used 150838K, committed 153216K, reserved 1179648K
  class space    used 20973K, committed 22144K, reserved 1048576K
}
Event: 374.234 GC heap after
{Heap after GC invocations=104 (full 0):
 garbage-first heap   total 422912K, used 259386K [0x0000000080000000, 0x0000000100000000)
  region size 1024K, 18 young (18432K), 18 survivors (18432K)
 Metaspace       used 150838K, committed 153216K, reserved 1179648K
  class space    used 20973K, committed 22144K, reserved 1048576K
}
Event: 375.416 GC heap before
{Heap before GC invocations=104 (full 0):
 garbage-first heap   total 422912K, used 391482K [0x0000000080000000, 0x0000000100000000)
  region size 1024K, 148 young (151552K), 18 survivors (18432K)
 Metaspace       used 150859K, committed 153280K, reserved 1245184K
  class space    used 20973K, committed 22144K, reserved 1048576K
}

